<?xml version="1.0" encoding="UTF-8"?>
<testsuite xmlns:xsi="http://www.w3.org/2001/XMLSchema-instance" xsi:noNamespaceSchemaLocation="https://maven.apache.org/surefire/maven-surefire-plugin/xsd/surefire-test-report.xsd" name="WinStrategyTest" time="0" tests="14" errors="0" skipped="0" failures="0">
  <properties>
    <property name="java.specification.version" value="23"/>
    <property name="sun.jnu.encoding" value="UTF-8"/>
    <property name="java.class.path" value="/Users/zly/Library/CloudStorage/GoogleDrive-zhangluyi0818@gmail.com/My Drive/2. Education/7. Penn/2. Spring 2025/CIT 5940/Final Project/cit-5940-final-project-group-18/target/test-classes:/Users/zly/Library/CloudStorage/GoogleDrive-zhangluyi0818@gmail.com/My Drive/2. Education/7. Penn/2. Spring 2025/CIT 5940/Final Project/cit-5940-final-project-group-18/target/classes:/Users/zly/.m2/repository/junit/junit/4.13.2/junit-4.13.2.jar:/Users/zly/.m2/repository/org/hamcrest/hamcrest-core/1.3/hamcrest-core-1.3.jar:/Users/zly/.m2/repository/org/json/json/20230227/json-20230227.jar:/Users/zly/.m2/repository/com/opencsv/opencsv/5.7.1/opencsv-5.7.1.jar:/Users/zly/.m2/repository/org/apache/commons/commons-lang3/3.12.0/commons-lang3-3.12.0.jar:/Users/zly/.m2/repository/org/apache/commons/commons-text/1.10.0/commons-text-1.10.0.jar:/Users/zly/.m2/repository/commons-beanutils/commons-beanutils/1.9.4/commons-beanutils-1.9.4.jar:/Users/zly/.m2/repository/commons-logging/commons-logging/1.2/commons-logging-1.2.jar:/Users/zly/.m2/repository/commons-collections/commons-collections/3.2.2/commons-collections-3.2.2.jar:/Users/zly/.m2/repository/org/apache/commons/commons-collections4/4.4/commons-collections4-4.4.jar:/Users/zly/.m2/repository/com/googlecode/lanterna/lanterna/3.1.3/lanterna-3.1.3.jar:"/>
    <property name="java.vm.vendor" value="Homebrew"/>
    <property name="sun.arch.data.model" value="64"/>
    <property name="java.vendor.url" value="https://github.com/Homebrew/homebrew-core/issues"/>
    <property name="os.name" value="Mac OS X"/>
    <property name="java.vm.specification.version" value="23"/>
    <property name="sun.java.launcher" value="SUN_STANDARD"/>
    <property name="user.country" value="US"/>
    <property name="sun.boot.library.path" value="/opt/homebrew/Cellar/openjdk/23.0.2/libexec/openjdk.jdk/Contents/Home/lib"/>
    <property name="sun.java.command" value="/Users/zly/Library/CloudStorage/GoogleDrive-zhangluyi0818@gmail.com/My Drive/2. Education/7. Penn/2. Spring 2025/CIT 5940/Final Project/cit-5940-final-project-group-18/target/surefire/surefirebooter3169878535881374178.jar /Users/zly/Library/CloudStorage/GoogleDrive-zhangluyi0818@gmail.com/My Drive/2. Education/7. Penn/2. Spring 2025/CIT 5940/Final Project/cit-5940-final-project-group-18/target/surefire 2025-05-10T10-04-18_618-jvmRun1 surefire10326458655781786743tmp surefire_017387432491599994683tmp"/>
    <property name="http.nonProxyHosts" value="local|*.local|169.254/16|*.169.254/16"/>
    <property name="jdk.debug" value="release"/>
    <property name="surefire.test.class.path" value="/Users/zly/Library/CloudStorage/GoogleDrive-zhangluyi0818@gmail.com/My Drive/2. Education/7. Penn/2. Spring 2025/CIT 5940/Final Project/cit-5940-final-project-group-18/target/test-classes:/Users/zly/Library/CloudStorage/GoogleDrive-zhangluyi0818@gmail.com/My Drive/2. Education/7. Penn/2. Spring 2025/CIT 5940/Final Project/cit-5940-final-project-group-18/target/classes:/Users/zly/.m2/repository/junit/junit/4.13.2/junit-4.13.2.jar:/Users/zly/.m2/repository/org/hamcrest/hamcrest-core/1.3/hamcrest-core-1.3.jar:/Users/zly/.m2/repository/org/json/json/20230227/json-20230227.jar:/Users/zly/.m2/repository/com/opencsv/opencsv/5.7.1/opencsv-5.7.1.jar:/Users/zly/.m2/repository/org/apache/commons/commons-lang3/3.12.0/commons-lang3-3.12.0.jar:/Users/zly/.m2/repository/org/apache/commons/commons-text/1.10.0/commons-text-1.10.0.jar:/Users/zly/.m2/repository/commons-beanutils/commons-beanutils/1.9.4/commons-beanutils-1.9.4.jar:/Users/zly/.m2/repository/commons-logging/commons-logging/1.2/commons-logging-1.2.jar:/Users/zly/.m2/repository/commons-collections/commons-collections/3.2.2/commons-collections-3.2.2.jar:/Users/zly/.m2/repository/org/apache/commons/commons-collections4/4.4/commons-collections4-4.4.jar:/Users/zly/.m2/repository/com/googlecode/lanterna/lanterna/3.1.3/lanterna-3.1.3.jar:"/>
    <property name="sun.cpu.endian" value="little"/>
    <property name="user.home" value="/Users/zly"/>
    <property name="user.language" value="en"/>
    <property name="java.specification.vendor" value="Oracle Corporation"/>
    <property name="java.version.date" value="2025-01-21"/>
    <property name="java.home" value="/opt/homebrew/Cellar/openjdk/23.0.2/libexec/openjdk.jdk/Contents/Home"/>
    <property name="file.separator" value="/"/>
    <property name="basedir" value="/Users/zly/Library/CloudStorage/GoogleDrive-zhangluyi0818@gmail.com/My Drive/2. Education/7. Penn/2. Spring 2025/CIT 5940/Final Project/cit-5940-final-project-group-18"/>
    <property name="java.vm.compressedOopsMode" value="Zero based"/>
    <property name="line.separator" value="&#10;"/>
    <property name="java.vm.specification.vendor" value="Oracle Corporation"/>
    <property name="java.specification.name" value="Java Platform API Specification"/>
    <property name="apple.awt.application.name" value="ForkedBooter"/>
    <property name="surefire.real.class.path" value="/Users/zly/Library/CloudStorage/GoogleDrive-zhangluyi0818@gmail.com/My Drive/2. Education/7. Penn/2. Spring 2025/CIT 5940/Final Project/cit-5940-final-project-group-18/target/surefire/surefirebooter3169878535881374178.jar"/>
    <property name="sun.management.compiler" value="HotSpot 64-Bit Tiered Compilers"/>
    <property name="ftp.nonProxyHosts" value="local|*.local|169.254/16|*.169.254/16"/>
    <property name="java.runtime.version" value="23.0.2"/>
    <property name="user.name" value="zly"/>
    <property name="stdout.encoding" value="UTF-8"/>
    <property name="path.separator" value=":"/>
    <property name="os.version" value="15.4"/>
    <property name="java.runtime.name" value="OpenJDK Runtime Environment"/>
    <property name="file.encoding" value="UTF-8"/>
    <property name="java.vm.name" value="OpenJDK 64-Bit Server VM"/>
    <property name="java.vendor.version" value="Homebrew"/>
    <property name="localRepository" value="/Users/zly/.m2/repository"/>
    <property name="java.vendor.url.bug" value="https://github.com/Homebrew/homebrew-core/issues"/>
    <property name="java.io.tmpdir" value="/var/folders/pt/kg6dpg257b5c69l02cjlhtkw0000gn/T/"/>
    <property name="java.version" value="23.0.2"/>
    <property name="user.dir" value="/Users/zly/Library/CloudStorage/GoogleDrive-zhangluyi0818@gmail.com/My Drive/2. Education/7. Penn/2. Spring 2025/CIT 5940/Final Project/cit-5940-final-project-group-18"/>
    <property name="os.arch" value="aarch64"/>
    <property name="java.vm.specification.name" value="Java Virtual Machine Specification"/>
    <property name="native.encoding" value="UTF-8"/>
    <property name="java.library.path" value="/Users/zly/Library/Java/Extensions:/Library/Java/Extensions:/Network/Library/Java/Extensions:/System/Library/Java/Extensions:/usr/lib/java:."/>
    <property name="java.vm.info" value="mixed mode, sharing"/>
    <property name="stderr.encoding" value="UTF-8"/>
    <property name="java.vendor" value="Homebrew"/>
    <property name="java.vm.version" value="23.0.2"/>
    <property name="sun.io.unicode.encoding" value="UnicodeBig"/>
    <property name="socksNonProxyHosts" value="local|*.local|169.254/16|*.169.254/16"/>
    <property name="java.class.version" value="67.0"/>
  </properties>
  <testcase name="testWinStrategyFactory_CreateActorStrategy" classname="WinStrategyTest" time="0"/>
  <testcase name="testDirectorWinStrategy_MultipleMoviesRequired" classname="WinStrategyTest" time="0"/>
  <testcase name="testActorWinStrategy_NoMatch" classname="WinStrategyTest" time="0"/>
  <testcase name="testWinStrategyFactory_InvalidStrategyType" classname="WinStrategyTest" time="0"/>
  <testcase name="testGenreWinStrategy_SingleMovieMatch" classname="WinStrategyTest" time="0"/>
  <testcase name="testActorWinStrategy_MultipleMoviesRequired" classname="WinStrategyTest" time="0"/>
  <testcase name="testPlayerWithStrategy" classname="WinStrategyTest" time="0"/>
  <testcase name="testDirectorWinStrategy_NoMatch" classname="WinStrategyTest" time="0"/>
  <testcase name="testWinStrategyFactory_CreateDirectorStrategy" classname="WinStrategyTest" time="0"/>
  <testcase name="testWinStrategyFactory_CreateGenreStrategy" classname="WinStrategyTest" time="0"/>
  <testcase name="testDirectorWinStrategy_SingleMovieMatch" classname="WinStrategyTest" time="0"/>
  <testcase name="testGenreWinStrategy_MultipleMoviesRequired" classname="WinStrategyTest" time="0"/>
  <testcase name="testActorWinStrategy_SingleMovieMatch" classname="WinStrategyTest" time="0"/>
  <testcase name="testGenreWinStrategy_NoMatch" classname="WinStrategyTest" time="0"/>
</testsuite>